<?xml version="1.0" encoding="UTF-8"?>
<!-- Generated by org.testng.reporters.JUnitXMLReporter -->
<testsuite hostname="SIDDHARP01" ignored="0" name="Test" tests="7" failures="0" timestamp="20 Jun 2020 13:02:04 GMT" time="93.064" errors="0">
  <testcase name="login" time="44.157" classname="com.amzon.com.SampleTest"/>
  <testcase name="search" time="23.782" classname="com.amzon.com.SampleTest"/>
  <testcase name="searching" time="0.005" classname="com.amzon.com.SampleTest"/>
  <testcase name="select" time="0.001" classname="com.amzon.com.SampleTest"/>
  <testcase name="selecting" time="0.003" classname="com.amzon.com.SampleTest"/>
  <testcase name="book" time="15.002" classname="com.amzon.com.SampleTest"/>
  <testcase name="logout" time="8.904" classname="com.amzon.com.SampleTest"/>
</testsuite> <!-- Test -->
