<?xml version="1.0" encoding="UTF-8"?>
<!-- Generated by org.testng.reporters.JUnitXMLReporter -->
<testsuite hostname="SIDDHARP01" ignored="0" name="Test" tests="7" failures="0" timestamp="20 Jun 2020 12:11:41 GMT" time="56.212" errors="0">
  <testcase name="login" time="22.327" classname="com.amzon.com.SampleTest"/>
  <testcase name="search" time="9.002" classname="com.amzon.com.SampleTest"/>
  <testcase name="searching" time="0.002" classname="com.amzon.com.SampleTest"/>
  <testcase name="select" time="0.002" classname="com.amzon.com.SampleTest"/>
  <testcase name="selecting" time="0.005" classname="com.amzon.com.SampleTest"/>
  <testcase name="book" time="15.004" classname="com.amzon.com.SampleTest"/>
  <testcase name="logout" time="8.901" classname="com.amzon.com.SampleTest"/>
</testsuite> <!-- Test -->
