<?xml version="1.0" encoding="UTF-8"?>
<!-- Generated by org.testng.reporters.JUnitXMLReporter -->
<testsuite hostname="SIDDHARP01" ignored="0" name="Default test" tests="7" failures="0" timestamp="20 Jun 2020 12:39:06 GMT" time="75.732" errors="0">
  <testcase name="login" time="42.224" classname="com.amzon.com.SampleTest"/>
  <testcase name="search" time="9.004" classname="com.amzon.com.SampleTest"/>
  <testcase name="searching" time="0.007" classname="com.amzon.com.SampleTest"/>
  <testcase name="select" time="0.004" classname="com.amzon.com.SampleTest"/>
  <testcase name="selecting" time="0.002" classname="com.amzon.com.SampleTest"/>
  <testcase name="book" time="15.018" classname="com.amzon.com.SampleTest"/>
  <testcase name="logout" time="8.902" classname="com.amzon.com.SampleTest"/>
</testsuite> <!-- Default test -->
