<?xml version="1.0" encoding="UTF-8"?>
<testng-results skipped="0" failed="0" ignored="0" total="1" passed="1">
  <reporter-output>
  </reporter-output>
  <suite name="Command line suite" duration-ms="17" started-at="2020-01-22T10:20:53Z" finished-at="2020-01-22T10:20:53Z">
    <groups>
    </groups>
    <test name="Command line test" duration-ms="17" started-at="2020-01-22T10:20:53Z" finished-at="2020-01-22T10:20:53Z">
      <class name="com.amzon.com.Training.AppTest">
        <test-method status="PASS" signature="testApp()[pri:0, instance:testApp(com.amzon.com.Training.AppTest)]" name="testApp" duration-ms="4" started-at="2020-01-22T15:50:53Z" finished-at="2020-01-22T15:50:53Z">
          <reporter-output>
          </reporter-output>
        </test-method> <!-- testApp -->
      </class> <!-- com.amzon.com.Training.AppTest -->
    </test> <!-- Command line test -->
  </suite> <!-- Command line suite -->
</testng-results>
