<?xml version="1.0" encoding="UTF-8" ?>
<testsuite tests="8" failures="0" name="TestSuite" time="52.859" errors="0" skipped="0">
  <properties>
[...]
</properties>
  <testcase classname="com.amzon.com.SampleTest" name="login" time="10.733"/>
  <testcase classname="com.amzon.com.SampleTest" name="search" time="9.014"/>
  <testcase classname="com.amzon.com.SampleTest" name="searching" time="0.015"/>
  <testcase classname="com.amzon.com.SampleTest" name="select" time="0.018"/>
  <testcase classname="com.amzon.com.SampleTest" name="selecting" time="0.011"/>
  <testcase classname="com.amzon.com.SampleTest" name="book" time="15.012"/>
  <testcase classname="com.amzon.com.SampleTest" name="logout" time="8.906"/>
  <testcase classname="com.amzon.com.Training.AppTest" name="testApp on testApp(com.amzon.com.Training.AppTest)" time="9.15"/>
</testsuite>