<?xml version="1.0" encoding="UTF-8"?>
<!-- Generated by org.testng.reporters.JUnitXMLReporter -->
<testsuite hostname="SIDDHARP01" ignored="0" name="Command line test" tests="7" failures="0" timestamp="22 Jan 2020 10:20:53 GMT" time="51.018" errors="0">
  <testcase name="login" time="9.016" classname="com.amzon.com.SampleTest"/>
  <testcase name="search" time="9.0" classname="com.amzon.com.SampleTest"/>
  <testcase name="searching" time="0.0" classname="com.amzon.com.SampleTest"/>
  <testcase name="select" time="0.0" classname="com.amzon.com.SampleTest"/>
  <testcase name="selecting" time="0.0" classname="com.amzon.com.SampleTest"/>
  <testcase name="book" time="9.001" classname="com.amzon.com.SampleTest"/>
  <testcase name="logout" time="9.001" classname="com.amzon.com.SampleTest"/>
</testsuite> <!-- Command line test -->
